<?xml version="1.0" encoding="UTF-8"?>
<!-- Generated by org.testng.reporters.JUnitXMLReporter -->
<testsuite hostname="DESKTOP-JAREUA0" name="Test" tests="5" failures="1" timestamp="5 Jul 2020 06:20:41 GMT" time="48.56" errors="0">
  <testcase name="testcase1" time="20.043" classname="org.ecom.ExecutableClass"/>
  <testcase name="testcase2" time="6.804" classname="org.ecom.ExecutableClass"/>
  <testcase name="testcase3" time="9.016" classname="org.ecom.ExecutableClass"/>
  <testcase name="testcase4" time="6.616" classname="org.ecom.ExecutableClass"/>
  <testcase name="testcase5" time="3.658" classname="org.ecom.ExecutableClass">
    <failure type="java.lang.AssertionError" message="expected [true] but found [false]">
      <![CDATA[java.lang.AssertionError: expected [true] but found [false]
	at org.ecom.ExecutableClass.testcase5(ExecutableClass.java:38)
... Removed 28 stack frames]]>
    </failure>
  </testcase> <!-- testcase5 -->
</testsuite> <!-- Test -->
